<?xml version="1.0" encoding="UTF-8"?>
<testng-results skipped="0" failed="0" ignored="0" total="1" passed="1">
  <reporter-output>
  </reporter-output>
  <suite name="Suite" duration-ms="14449" started-at="2022-02-27T01:21:24 GMT" finished-at="2022-02-27T01:21:39 GMT">
    <groups>
    </groups>
    <test name="Test" duration-ms="14449" started-at="2022-02-27T01:21:24 GMT" finished-at="2022-02-27T01:21:39 GMT">
      <class name="all_TestCases.LoginPageTestCases">
        <test-method status="PASS" signature="invoke_Browser()[pri:0, instance:all_TestCases.LoginPageTestCases@7a9273a8]" name="invoke_Browser" is-config="true" duration-ms="5622" started-at="2022-02-27T01:21:24 GMT" finished-at="2022-02-27T01:21:30 GMT">
          <reporter-output>
          </reporter-output>
        </test-method> <!-- invoke_Browser -->
        <test-method status="PASS" signature="loginValidation()[pri:0, instance:all_TestCases.LoginPageTestCases@7a9273a8]" name="loginValidation" duration-ms="7847" started-at="2022-02-27T01:21:30 GMT" finished-at="2022-02-27T01:21:38 GMT">
          <reporter-output>
          </reporter-output>
        </test-method> <!-- loginValidation -->
        <test-method status="PASS" signature="close_Browser()[pri:0, instance:all_TestCases.LoginPageTestCases@7a9273a8]" name="close_Browser" is-config="true" duration-ms="851" started-at="2022-02-27T01:21:38 GMT" finished-at="2022-02-27T01:21:39 GMT">
          <reporter-output>
          </reporter-output>
        </test-method> <!-- close_Browser -->
      </class> <!-- all_TestCases.LoginPageTestCases -->
    </test> <!-- Test -->
  </suite> <!-- Suite -->
</testng-results>
