<?xml version="1.0" encoding="UTF-8"?>
<testng-results ignored="0" total="1" passed="1" failed="0" skipped="0">
  <reporter-output>
  </reporter-output>
  <suite started-at="2022-02-27T01:08:08 GMT" name="Suite" finished-at="2022-02-27T01:08:22 GMT" duration-ms="13423">
    <groups>
    </groups>
    <test started-at="2022-02-27T01:08:08 GMT" name="Test" finished-at="2022-02-27T01:08:22 GMT" duration-ms="13423">
      <class name="all_TestCases.LoginPageTestCases">
        <test-method is-config="true" signature="invoke_Browser()[pri:0, instance:all_TestCases.LoginPageTestCases@60bd273d]" started-at="2022-02-27T01:08:08 GMT" name="invoke_Browser" finished-at="2022-02-27T01:08:14 GMT" duration-ms="5201" status="PASS">
          <reporter-output>
          </reporter-output>
        </test-method> <!-- invoke_Browser -->
        <test-method signature="loginValidation()[pri:0, instance:all_TestCases.LoginPageTestCases@60bd273d]" started-at="2022-02-27T01:08:14 GMT" name="loginValidation" finished-at="2022-02-27T01:08:21 GMT" duration-ms="7342" status="PASS">
          <reporter-output>
          </reporter-output>
        </test-method> <!-- loginValidation -->
        <test-method is-config="true" signature="close_Browser()[pri:0, instance:all_TestCases.LoginPageTestCases@60bd273d]" started-at="2022-02-27T01:08:21 GMT" name="close_Browser" finished-at="2022-02-27T01:08:22 GMT" duration-ms="803" status="PASS">
          <reporter-output>
          </reporter-output>
        </test-method> <!-- close_Browser -->
      </class> <!-- all_TestCases.LoginPageTestCases -->
    </test> <!-- Test -->
  </suite> <!-- Suite -->
</testng-results>
